{"name": "test_invalid_login", "status": "broken", "statusDetails": {"message": "selenium.common.exceptions.NoSuchElementException: Message: no such element: Unable to locate element: {\"method\":\"xpath\",\"selector\":\"//*[@id=\"content\"]/div/div/div/div[1]/div[5]/a[2]\"}\n  (Session info: chrome=85.0.4183.102)", "trace": "test_setup = None\n\n    @allure.description(\"Clicks log in button\")\n    @allure.severity(severity_level=\"NORMAL\")\n    # def test_login_click(test_setup):\n    #     driver.get('https://footystats.org/')\n    #     login_btn = driver.find_element_by_xpath('//*[@id=\"headerMenu\"]/li[3]/a')\n    #\n    #     login_btn.click()\n    #     assert \"login\" in driver.current_url\n    #\n    #\n    # @allure.description(\"Click on csv download button\")\n    # @allure.severity(severity_level=\"CRITICAL\")\n    # def test_csv_click(test_setup):\n    #     driver.get('https://footystats.org/')\n    #     login_btn = driver.find_element_by_xpath('//*[@id=\"headerMenu\"]/li[3]/a')\n    #\n    #     login_btn.click()\n    #\n    #     enter_username(username)\n    #\n    #     sleep(2)\n    #\n    #     enter_password(password)\n    #\n    #     sleep(3)\n    #\n    #     login_btn = driver.find_element_by_xpath('//*[@id=\"register_submit\"]')\n    #     login_btn.click()\n    #\n    #     sleep(4)\n    #\n    #     csv_btn = driver.find_element_by_xpath('//*[@id=\"content\"]/div/div/div/div[1]/div[5]/a[2]')\n    #     csv_btn.click()\n    #\n    #     assert \"download-stats-csv\" in driver.current_url\n    \n    \n    def test_invalid_login(test_setup):\n        driver.get('https://footystats.org/')\n        login_btn = driver.find_element_by_xpath('//*[@id=\"headerMenu\"]/li[3]/a')\n    \n        login_btn.click()\n    \n        enter_username('Hans')\n    \n        sleep(2)\n    \n        enter_password('123455')\n    \n        sleep(3)\n    \n        login_btn = driver.find_element_by_xpath('//*[@id=\"register_submit\"]')\n        login_btn.click()\n    \n>       csv_btn = driver.find_element_by_xpath('//*[@id=\"content\"]/div/div/div/div[1]/div[5]/a[2]')\n\ntest_footy_download.py:71: \n_ _ _ _ _ _ _ _ _ _ _ _ _ _ _ _ _ _ _ _ _ _ _ _ _ _ _ _ _ _ _ _ _ _ _ _ _ _ _ _ _ _ _ _ _ _ _ _ _ _ _ _ _ _ _ _ _ _ _ _ _ _ _ _ _ _ _ _ _ _ _ _ _ _ _ _ _ _ _ _ _ _ _ _ _ _ _ _ _ _ _ _ _ _ _ _ _ _ _ _ _ _ _ _ _ _ _ _ _ _ _ _ _ _ _ _ _ _ _ _ _ _ _ _ _ _ _ _ _ _ _ _ _ _ _ _ _ _ _ _ _ _ _ _ _ _ _ _ _ _ _ _ _ _ _ _ _ _\n/usr/local/lib/python3.8/site-packages/selenium/webdriver/remote/webdriver.py:394: in find_element_by_xpath\n    return self.find_element(by=By.XPATH, value=xpath)\n/usr/local/lib/python3.8/site-packages/selenium/webdriver/remote/webdriver.py:976: in find_element\n    return self.execute(Command.FIND_ELEMENT, {\n/usr/local/lib/python3.8/site-packages/selenium/webdriver/remote/webdriver.py:321: in execute\n    self.error_handler.check_response(response)\n_ _ _ _ _ _ _ _ _ _ _ _ _ _ _ _ _ _ _ _ _ _ _ _ _ _ _ _ _ _ _ _ _ _ _ _ _ _ _ _ _ _ _ _ _ _ _ _ _ _ _ _ _ _ _ _ _ _ _ _ _ _ _ _ _ _ _ _ _ _ _ _ _ _ _ _ _ _ _ _ _ _ _ _ _ _ _ _ _ _ _ _ _ _ _ _ _ _ _ _ _ _ _ _ _ _ _ _ _ _ _ _ _ _ _ _ _ _ _ _ _ _ _ _ _ _ _ _ _ _ _ _ _ _ _ _ _ _ _ _ _ _ _ _ _ _ _ _ _ _ _ _ _ _ _ _ _ _\n\nself = <selenium.webdriver.remote.errorhandler.ErrorHandler object at 0x10bb5b850>\nresponse = {'status': 404, 'value': '{\"value\":{\"error\":\"no such element\",\"message\":\"no such element: Unable to locate element: {\\...fff70aac109 _pthread_start + 148\\\\n19  libsystem_pthread.dylib             0x00007fff70aa7b8b thread_start + 15\\\\n\"}}'}\n\n    def check_response(self, response):\n        \"\"\"\n        Checks that a JSON response from the WebDriver does not have an error.\n    \n        :Args:\n         - response - The JSON response from the WebDriver server as a dictionary\n           object.\n    \n        :Raises: If the response contains an error message.\n        \"\"\"\n        status = response.get('status', None)\n        if status is None or status == ErrorCode.SUCCESS:\n            return\n        value = None\n        message = response.get(\"message\", \"\")\n        screen = response.get(\"screen\", \"\")\n        stacktrace = None\n        if isinstance(status, int):\n            value_json = response.get('value', None)\n            if value_json and isinstance(value_json, basestring):\n                import json\n                try:\n                    value = json.loads(value_json)\n                    if len(value.keys()) == 1:\n                        value = value['value']\n                    status = value.get('error', None)\n                    if status is None:\n                        status = value[\"status\"]\n                        message = value[\"value\"]\n                        if not isinstance(message, basestring):\n                            value = message\n                            message = message.get('message')\n                    else:\n                        message = value.get('message', None)\n                except ValueError:\n                    pass\n    \n        exception_class = ErrorInResponseException\n        if status in ErrorCode.NO_SUCH_ELEMENT:\n            exception_class = NoSuchElementException\n        elif status in ErrorCode.NO_SUCH_FRAME:\n            exception_class = NoSuchFrameException\n        elif status in ErrorCode.NO_SUCH_WINDOW:\n            exception_class = NoSuchWindowException\n        elif status in ErrorCode.STALE_ELEMENT_REFERENCE:\n            exception_class = StaleElementReferenceException\n        elif status in ErrorCode.ELEMENT_NOT_VISIBLE:\n            exception_class = ElementNotVisibleException\n        elif status in ErrorCode.INVALID_ELEMENT_STATE:\n            exception_class = InvalidElementStateException\n        elif status in ErrorCode.INVALID_SELECTOR \\\n                or status in ErrorCode.INVALID_XPATH_SELECTOR \\\n                or status in ErrorCode.INVALID_XPATH_SELECTOR_RETURN_TYPER:\n            exception_class = InvalidSelectorException\n        elif status in ErrorCode.ELEMENT_IS_NOT_SELECTABLE:\n            exception_class = ElementNotSelectableException\n        elif status in ErrorCode.ELEMENT_NOT_INTERACTABLE:\n            exception_class = ElementNotInteractableException\n        elif status in ErrorCode.INVALID_COOKIE_DOMAIN:\n            exception_class = InvalidCookieDomainException\n        elif status in ErrorCode.UNABLE_TO_SET_COOKIE:\n            exception_class = UnableToSetCookieException\n        elif status in ErrorCode.TIMEOUT:\n            exception_class = TimeoutException\n        elif status in ErrorCode.SCRIPT_TIMEOUT:\n            exception_class = TimeoutException\n        elif status in ErrorCode.UNKNOWN_ERROR:\n            exception_class = WebDriverException\n        elif status in ErrorCode.UNEXPECTED_ALERT_OPEN:\n            exception_class = UnexpectedAlertPresentException\n        elif status in ErrorCode.NO_ALERT_OPEN:\n            exception_class = NoAlertPresentException\n        elif status in ErrorCode.IME_NOT_AVAILABLE:\n            exception_class = ImeNotAvailableException\n        elif status in ErrorCode.IME_ENGINE_ACTIVATION_FAILED:\n            exception_class = ImeActivationFailedException\n        elif status in ErrorCode.MOVE_TARGET_OUT_OF_BOUNDS:\n            exception_class = MoveTargetOutOfBoundsException\n        elif status in ErrorCode.JAVASCRIPT_ERROR:\n            exception_class = JavascriptException\n        elif status in ErrorCode.SESSION_NOT_CREATED:\n            exception_class = SessionNotCreatedException\n        elif status in ErrorCode.INVALID_ARGUMENT:\n            exception_class = InvalidArgumentException\n        elif status in ErrorCode.NO_SUCH_COOKIE:\n            exception_class = NoSuchCookieException\n        elif status in ErrorCode.UNABLE_TO_CAPTURE_SCREEN:\n            exception_class = ScreenshotException\n        elif status in ErrorCode.ELEMENT_CLICK_INTERCEPTED:\n            exception_class = ElementClickInterceptedException\n        elif status in ErrorCode.INSECURE_CERTIFICATE:\n            exception_class = InsecureCertificateException\n        elif status in ErrorCode.INVALID_COORDINATES:\n            exception_class = InvalidCoordinatesException\n        elif status in ErrorCode.INVALID_SESSION_ID:\n            exception_class = InvalidSessionIdException\n        elif status in ErrorCode.UNKNOWN_METHOD:\n            exception_class = UnknownMethodException\n        else:\n            exception_class = WebDriverException\n        if value == '' or value is None:\n            value = response['value']\n        if isinstance(value, basestring):\n            if exception_class == ErrorInResponseException:\n                raise exception_class(response, value)\n            raise exception_class(value)\n        if message == \"\" and 'message' in value:\n            message = value['message']\n    \n        screen = None\n        if 'screen' in value:\n            screen = value['screen']\n    \n        stacktrace = None\n        if 'stackTrace' in value and value['stackTrace']:\n            stacktrace = []\n            try:\n                for frame in value['stackTrace']:\n                    line = self._value_or_default(frame, 'lineNumber', '')\n                    file = self._value_or_default(frame, 'fileName', '<anonymous>')\n                    if line:\n                        file = \"%s:%s\" % (file, line)\n                    meth = self._value_or_default(frame, 'methodName', '<anonymous>')\n                    if 'className' in frame:\n                        meth = \"%s.%s\" % (frame['className'], meth)\n                    msg = \"    at %s (%s)\"\n                    msg = msg % (meth, file)\n                    stacktrace.append(msg)\n            except TypeError:\n                pass\n        if exception_class == ErrorInResponseException:\n            raise exception_class(response, message)\n        elif exception_class == UnexpectedAlertPresentException:\n            alert_text = None\n            if 'data' in value:\n                alert_text = value['data'].get('text')\n            elif 'alert' in value:\n                alert_text = value['alert'].get('text')\n            raise exception_class(message, screen, stacktrace, alert_text)\n>       raise exception_class(message, screen, stacktrace)\nE       selenium.common.exceptions.NoSuchElementException: Message: no such element: Unable to locate element: {\"method\":\"xpath\",\"selector\":\"//*[@id=\"content\"]/div/div/div/div[1]/div[5]/a[2]\"}\nE         (Session info: chrome=85.0.4183.102)\n\n/usr/local/lib/python3.8/site-packages/selenium/webdriver/remote/errorhandler.py:242: NoSuchElementException"}, "description": "Clicks log in button", "steps": [{"name": "Entering Username as nichohelmut", "status": "passed", "parameters": [{"name": "user", "value": "'Hans'"}], "start": 1600087740626, "stop": 1600087740720}, {"name": "Entering Password as EstisHouseRiga", "status": "passed", "parameters": [{"name": "passw", "value": "'123455'"}], "start": 1600087742721, "stop": 1600087742769}], "start": 1600087738849, "stop": 1600087756457, "uuid": "63e64392-5f8c-45d8-b52f-e8d9f36835c0", "historyId": "3dd4d1e06acd8ea3e286860eae6f2e3b", "testCaseId": "43d2866c799db8d3b17d242231edc179", "fullName": "test_footy_download#test_invalid_login", "labels": [{"name": "severity", "value": "NORMAL"}, {"name": "suite", "value": "test_footy_download"}, {"name": "host", "value": "Nicholas-MacBook-Pro.local"}, {"name": "thread", "value": "13841-MainThread"}, {"name": "framework", "value": "pytest"}, {"name": "language", "value": "cpython3"}, {"name": "package", "value": "test_footy_download"}]}